<?xml version="1.0" encoding="UTF-8"?>
<testng-results skipped="0" failed="0" total="1" passed="1">
  <reporter-output>
  </reporter-output>
  <suite name="Suite1" duration-ms="37905" started-at="2016-06-14T14:04:28Z" finished-at="2016-06-14T14:05:05Z">
    <groups>
    </groups>
    <test name="Test1" duration-ms="37905" started-at="2016-06-14T14:04:28Z" finished-at="2016-06-14T14:05:05Z">
      <class name="example1.NewTest1">
        <test-method status="PASS" signature="beforeTest()[pri:0, instance:example1.NewTest1@6a41eaa2]" name="beforeTest" is-config="true" duration-ms="16957" started-at="2016-06-14T19:34:28Z" finished-at="2016-06-14T19:34:44Z">
          <reporter-output>
          </reporter-output>
        </test-method> <!-- beforeTest -->
        <test-method status="PASS" signature="testEasy()[pri:0, instance:example1.NewTest1@6a41eaa2]" name="testEasy" duration-ms="17573" started-at="2016-06-14T19:34:45Z" finished-at="2016-06-14T19:35:02Z">
          <reporter-output>
          </reporter-output>
        </test-method> <!-- testEasy -->
        <test-method status="PASS" signature="afterTest()[pri:0, instance:example1.NewTest1@6a41eaa2]" name="afterTest" is-config="true" duration-ms="3269" started-at="2016-06-14T19:35:02Z" finished-at="2016-06-14T19:35:05Z">
          <reporter-output>
          </reporter-output>
        </test-method> <!-- afterTest -->
      </class> <!-- example1.NewTest1 -->
    </test> <!-- Test1 -->
  </suite> <!-- Suite1 -->
</testng-results>
